2019-02-28 16:35:54.438  INFO 73497 --- [main] com.cisco.aws.MainApplicationClass       : Starting MainApplicationClass v1.0-SNAPSHOT on SKOLIBAI-M-G1PP with PID 73497 (/Users/skolibai/Downloads/avengers/target/awsRestServer.jar started by skolibai in /Users/skolibai/Downloads/avengers/target)
2019-02-28 16:35:54.443  INFO 73497 --- [main] com.cisco.aws.MainApplicationClass       : No active profile set, falling back to default profiles: default
2019-02-28 16:35:54.518  INFO 73497 --- [main] ationConfigEmbeddedWebApplicationContext : Refreshing org.springframework.boot.context.embedded.AnnotationConfigEmbeddedWebApplicationContext@5f4da5c3: startup date [Thu Feb 28 16:35:54 PST 2019]; root of context hierarchy
2019-02-28 16:35:56.143  INFO 73497 --- [main] s.b.c.e.t.TomcatEmbeddedServletContainer : Tomcat initialized with port(s): 8080 (http)
2019-02-28 16:35:56.162  INFO 73497 --- [main] o.apache.catalina.core.StandardService   : Starting service [Tomcat]
2019-02-28 16:35:56.164  INFO 73497 --- [main] org.apache.catalina.core.StandardEngine  : Starting Servlet Engine: Apache Tomcat/8.5.23
2019-02-28 16:35:56.297  INFO 73497 --- [localhost-startStop-1] o.a.c.c.C.[Tomcat].[localhost].[/]       : Initializing Spring embedded WebApplicationContext
2019-02-28 16:35:56.297  INFO 73497 --- [localhost-startStop-1] o.s.web.context.ContextLoader            : Root WebApplicationContext: initialization completed in 1783 ms
2019-02-28 16:35:56.470  INFO 73497 --- [localhost-startStop-1] o.s.b.w.servlet.ServletRegistrationBean  : Mapping servlet: 'dispatcherServlet' to [/]
2019-02-28 16:35:56.475  INFO 73497 --- [localhost-startStop-1] o.s.b.w.servlet.FilterRegistrationBean   : Mapping filter: 'characterEncodingFilter' to: [/*]
2019-02-28 16:35:56.476  INFO 73497 --- [localhost-startStop-1] o.s.b.w.servlet.FilterRegistrationBean   : Mapping filter: 'hiddenHttpMethodFilter' to: [/*]
2019-02-28 16:35:56.476  INFO 73497 --- [localhost-startStop-1] o.s.b.w.servlet.FilterRegistrationBean   : Mapping filter: 'httpPutFormContentFilter' to: [/*]
2019-02-28 16:35:56.476  INFO 73497 --- [localhost-startStop-1] o.s.b.w.servlet.FilterRegistrationBean   : Mapping filter: 'requestContextFilter' to: [/*]
2019-02-28 16:35:56.971  INFO 73497 --- [main] s.w.s.m.m.a.RequestMappingHandlerAdapter : Looking for @ControllerAdvice: org.springframework.boot.context.embedded.AnnotationConfigEmbeddedWebApplicationContext@5f4da5c3: startup date [Thu Feb 28 16:35:54 PST 2019]; root of context hierarchy
2019-02-28 16:35:57.071  INFO 73497 --- [main] s.w.s.m.m.a.RequestMappingHandlerMapping : Mapped "{[/ep],methods=[POST]}" onto public com.cisco.aws.oui com.cisco.aws.restController.create(java.util.Map<java.lang.String, java.lang.String>)
2019-02-28 16:35:57.073  INFO 73497 --- [main] s.w.s.m.m.a.RequestMappingHandlerMapping : Mapped "{[/ep],methods=[GET]}" onto public java.lang.String com.cisco.aws.restController.show()
2019-02-28 16:35:57.073  INFO 73497 --- [main] s.w.s.m.m.a.RequestMappingHandlerMapping : Mapped "{[/ep2],methods=[POST]}" onto public java.lang.String com.cisco.aws.restController.getEndpointFromFB(com.cisco.aws.EndPoint)
2019-02-28 16:35:57.074  INFO 73497 --- [main] s.w.s.m.m.a.RequestMappingHandlerMapping : Mapped "{[/ep3],methods=[POST]}" onto public java.lang.String com.cisco.aws.restController.getEndpointFromIEEE(com.cisco.aws.EndPoint)
2019-02-28 16:35:57.077  INFO 73497 --- [main] s.w.s.m.m.a.RequestMappingHandlerMapping : Mapped "{[/error]}" onto public org.springframework.http.ResponseEntity<java.util.Map<java.lang.String, java.lang.Object>> org.springframework.boot.autoconfigure.web.BasicErrorController.error(javax.servlet.http.HttpServletRequest)
2019-02-28 16:35:57.078  INFO 73497 --- [main] s.w.s.m.m.a.RequestMappingHandlerMapping : Mapped "{[/error],produces=[text/html]}" onto public org.springframework.web.servlet.ModelAndView org.springframework.boot.autoconfigure.web.BasicErrorController.errorHtml(javax.servlet.http.HttpServletRequest,javax.servlet.http.HttpServletResponse)
2019-02-28 16:35:57.121  INFO 73497 --- [main] o.s.w.s.handler.SimpleUrlHandlerMapping  : Mapped URL path [/webjars/**] onto handler of type [class org.springframework.web.servlet.resource.ResourceHttpRequestHandler]
2019-02-28 16:35:57.121  INFO 73497 --- [main] o.s.w.s.handler.SimpleUrlHandlerMapping  : Mapped URL path [/**] onto handler of type [class org.springframework.web.servlet.resource.ResourceHttpRequestHandler]
2019-02-28 16:35:57.169  INFO 73497 --- [main] o.s.w.s.handler.SimpleUrlHandlerMapping  : Mapped URL path [/**/favicon.ico] onto handler of type [class org.springframework.web.servlet.resource.ResourceHttpRequestHandler]
2019-02-28 16:35:57.332  INFO 73497 --- [main] o.s.j.e.a.AnnotationMBeanExporter        : Registering beans for JMX exposure on startup
2019-02-28 16:35:57.434  INFO 73497 --- [main] s.b.c.e.t.TomcatEmbeddedServletContainer : Tomcat started on port(s): 8080 (http)
2019-02-28 16:35:57.440  INFO 73497 --- [main] com.cisco.aws.MainApplicationClass       : Started MainApplicationClass in 3.572 seconds (JVM running for 4.055)
2019-02-28 16:36:03.066  INFO 73497 --- [http-nio-8080-exec-1] o.a.c.c.C.[Tomcat].[localhost].[/]       : Initializing Spring FrameworkServlet 'dispatcherServlet'
2019-02-28 16:36:03.067  INFO 73497 --- [http-nio-8080-exec-1] o.s.web.servlet.DispatcherServlet        : FrameworkServlet 'dispatcherServlet': initialization started
2019-02-28 16:36:03.088  INFO 73497 --- [http-nio-8080-exec-1] o.s.web.servlet.DispatcherServlet        : FrameworkServlet 'dispatcherServlet': initialization completed in 21 ms
2019-02-28 16:36:03.237  INFO 73497 --- [http-nio-8080-exec-1] com.cisco.aws.restController             : ________________________________________________
2019-02-28 16:36:03.237  INFO 73497 --- [http-nio-8080-exec-1] com.cisco.aws.restController             : MAC address inside getEndpointFromIEEE 00:12:34:23:23:23
2019-02-28 16:36:03.237  INFO 73497 --- [http-nio-8080-exec-1] com.cisco.aws.restController             : ________________________________________________
2019-02-28 16:36:03.256 ERROR 73497 --- [http-nio-8080-exec-1] o.a.c.c.C.[.[.[/].[dispatcherServlet]    : Servlet.service() for servlet [dispatcherServlet] in context with path [] threw exception [Request processing failed; nested exception is java.lang.NullPointerException] with root cause

java.lang.NullPointerException: null
	at com.cisco.aws.OuiRetrieve.getOUIFromIEEE(OuiRetrieve.java:63) ~[classes!/:1.0-SNAPSHOT]
	at com.cisco.aws.restController.getEndpointFromIEEE(restController.java:45) ~[classes!/:1.0-SNAPSHOT]
	at sun.reflect.NativeMethodAccessorImpl.invoke0(Native Method) ~[na:1.8.0_191]
	at sun.reflect.NativeMethodAccessorImpl.invoke(NativeMethodAccessorImpl.java:62) ~[na:1.8.0_191]
	at sun.reflect.DelegatingMethodAccessorImpl.invoke(DelegatingMethodAccessorImpl.java:43) ~[na:1.8.0_191]
	at java.lang.reflect.Method.invoke(Method.java:498) ~[na:1.8.0_191]
	at org.springframework.web.method.support.InvocableHandlerMethod.doInvoke(InvocableHandlerMethod.java:205) ~[spring-web-4.3.13.RELEASE.jar!/:4.3.13.RELEASE]
	at org.springframework.web.method.support.InvocableHandlerMethod.invokeForRequest(InvocableHandlerMethod.java:133) ~[spring-web-4.3.13.RELEASE.jar!/:4.3.13.RELEASE]
	at org.springframework.web.servlet.mvc.method.annotation.ServletInvocableHandlerMethod.invokeAndHandle(ServletInvocableHandlerMethod.java:97) ~[spring-webmvc-4.3.13.RELEASE.jar!/:4.3.13.RELEASE]
	at org.springframework.web.servlet.mvc.method.annotation.RequestMappingHandlerAdapter.invokeHandlerMethod(RequestMappingHandlerAdapter.java:827) ~[spring-webmvc-4.3.13.RELEASE.jar!/:4.3.13.RELEASE]
	at org.springframework.web.servlet.mvc.method.annotation.RequestMappingHandlerAdapter.handleInternal(RequestMappingHandlerAdapter.java:738) ~[spring-webmvc-4.3.13.RELEASE.jar!/:4.3.13.RELEASE]
	at org.springframework.web.servlet.mvc.method.AbstractHandlerMethodAdapter.handle(AbstractHandlerMethodAdapter.java:85) ~[spring-webmvc-4.3.13.RELEASE.jar!/:4.3.13.RELEASE]
	at org.springframework.web.servlet.DispatcherServlet.doDispatch(DispatcherServlet.java:967) ~[spring-webmvc-4.3.13.RELEASE.jar!/:4.3.13.RELEASE]
	at org.springframework.web.servlet.DispatcherServlet.doService(DispatcherServlet.java:901) ~[spring-webmvc-4.3.13.RELEASE.jar!/:4.3.13.RELEASE]
	at org.springframework.web.servlet.FrameworkServlet.processRequest(FrameworkServlet.java:970) ~[spring-webmvc-4.3.13.RELEASE.jar!/:4.3.13.RELEASE]
	at org.springframework.web.servlet.FrameworkServlet.doPost(FrameworkServlet.java:872) ~[spring-webmvc-4.3.13.RELEASE.jar!/:4.3.13.RELEASE]
	at javax.servlet.http.HttpServlet.service(HttpServlet.java:661) ~[tomcat-embed-core-8.5.23.jar!/:8.5.23]
	at org.springframework.web.servlet.FrameworkServlet.service(FrameworkServlet.java:846) ~[spring-webmvc-4.3.13.RELEASE.jar!/:4.3.13.RELEASE]
	at javax.servlet.http.HttpServlet.service(HttpServlet.java:742) ~[tomcat-embed-core-8.5.23.jar!/:8.5.23]
	at org.apache.catalina.core.ApplicationFilterChain.internalDoFilter(ApplicationFilterChain.java:231) ~[tomcat-embed-core-8.5.23.jar!/:8.5.23]
	at org.apache.catalina.core.ApplicationFilterChain.doFilter(ApplicationFilterChain.java:166) ~[tomcat-embed-core-8.5.23.jar!/:8.5.23]
	at org.apache.tomcat.websocket.server.WsFilter.doFilter(WsFilter.java:52) ~[tomcat-embed-websocket-8.5.23.jar!/:8.5.23]
	at org.apache.catalina.core.ApplicationFilterChain.internalDoFilter(ApplicationFilterChain.java:193) ~[tomcat-embed-core-8.5.23.jar!/:8.5.23]
	at org.apache.catalina.core.ApplicationFilterChain.doFilter(ApplicationFilterChain.java:166) ~[tomcat-embed-core-8.5.23.jar!/:8.5.23]
	at org.springframework.web.filter.RequestContextFilter.doFilterInternal(RequestContextFilter.java:99) ~[spring-web-4.3.13.RELEASE.jar!/:4.3.13.RELEASE]
	at org.springframework.web.filter.OncePerRequestFilter.doFilter(OncePerRequestFilter.java:107) ~[spring-web-4.3.13.RELEASE.jar!/:4.3.13.RELEASE]
	at org.apache.catalina.core.ApplicationFilterChain.internalDoFilter(ApplicationFilterChain.java:193) ~[tomcat-embed-core-8.5.23.jar!/:8.5.23]
	at org.apache.catalina.core.ApplicationFilterChain.doFilter(ApplicationFilterChain.java:166) ~[tomcat-embed-core-8.5.23.jar!/:8.5.23]
	at org.springframework.web.filter.HttpPutFormContentFilter.doFilterInternal(HttpPutFormContentFilter.java:108) ~[spring-web-4.3.13.RELEASE.jar!/:4.3.13.RELEASE]
	at org.springframework.web.filter.OncePerRequestFilter.doFilter(OncePerRequestFilter.java:107) ~[spring-web-4.3.13.RELEASE.jar!/:4.3.13.RELEASE]
	at org.apache.catalina.core.ApplicationFilterChain.internalDoFilter(ApplicationFilterChain.java:193) ~[tomcat-embed-core-8.5.23.jar!/:8.5.23]
	at org.apache.catalina.core.ApplicationFilterChain.doFilter(ApplicationFilterChain.java:166) ~[tomcat-embed-core-8.5.23.jar!/:8.5.23]
	at org.springframework.web.filter.HiddenHttpMethodFilter.doFilterInternal(HiddenHttpMethodFilter.java:81) ~[spring-web-4.3.13.RELEASE.jar!/:4.3.13.RELEASE]
	at org.springframework.web.filter.OncePerRequestFilter.doFilter(OncePerRequestFilter.java:107) ~[spring-web-4.3.13.RELEASE.jar!/:4.3.13.RELEASE]
	at org.apache.catalina.core.ApplicationFilterChain.internalDoFilter(ApplicationFilterChain.java:193) ~[tomcat-embed-core-8.5.23.jar!/:8.5.23]
	at org.apache.catalina.core.ApplicationFilterChain.doFilter(ApplicationFilterChain.java:166) ~[tomcat-embed-core-8.5.23.jar!/:8.5.23]
	at org.springframework.web.filter.CharacterEncodingFilter.doFilterInternal(CharacterEncodingFilter.java:197) ~[spring-web-4.3.13.RELEASE.jar!/:4.3.13.RELEASE]
	at org.springframework.web.filter.OncePerRequestFilter.doFilter(OncePerRequestFilter.java:107) ~[spring-web-4.3.13.RELEASE.jar!/:4.3.13.RELEASE]
	at org.apache.catalina.core.ApplicationFilterChain.internalDoFilter(ApplicationFilterChain.java:193) ~[tomcat-embed-core-8.5.23.jar!/:8.5.23]
	at org.apache.catalina.core.ApplicationFilterChain.doFilter(ApplicationFilterChain.java:166) ~[tomcat-embed-core-8.5.23.jar!/:8.5.23]
	at org.apache.catalina.core.StandardWrapperValve.invoke(StandardWrapperValve.java:199) ~[tomcat-embed-core-8.5.23.jar!/:8.5.23]
	at org.apache.catalina.core.StandardContextValve.invoke(StandardContextValve.java:96) [tomcat-embed-core-8.5.23.jar!/:8.5.23]
	at org.apache.catalina.authenticator.AuthenticatorBase.invoke(AuthenticatorBase.java:478) [tomcat-embed-core-8.5.23.jar!/:8.5.23]
	at org.apache.catalina.core.StandardHostValve.invoke(StandardHostValve.java:140) [tomcat-embed-core-8.5.23.jar!/:8.5.23]
	at org.apache.catalina.valves.ErrorReportValve.invoke(ErrorReportValve.java:81) [tomcat-embed-core-8.5.23.jar!/:8.5.23]
	at org.apache.catalina.core.StandardEngineValve.invoke(StandardEngineValve.java:87) [tomcat-embed-core-8.5.23.jar!/:8.5.23]
	at org.apache.catalina.connector.CoyoteAdapter.service(CoyoteAdapter.java:342) [tomcat-embed-core-8.5.23.jar!/:8.5.23]
	at org.apache.coyote.http11.Http11Processor.service(Http11Processor.java:803) [tomcat-embed-core-8.5.23.jar!/:8.5.23]
	at org.apache.coyote.AbstractProcessorLight.process(AbstractProcessorLight.java:66) [tomcat-embed-core-8.5.23.jar!/:8.5.23]
	at org.apache.coyote.AbstractProtocol$ConnectionHandler.process(AbstractProtocol.java:868) [tomcat-embed-core-8.5.23.jar!/:8.5.23]
	at org.apache.tomcat.util.net.NioEndpoint$SocketProcessor.doRun(NioEndpoint.java:1459) [tomcat-embed-core-8.5.23.jar!/:8.5.23]
	at org.apache.tomcat.util.net.SocketProcessorBase.run(SocketProcessorBase.java:49) [tomcat-embed-core-8.5.23.jar!/:8.5.23]
	at java.util.concurrent.ThreadPoolExecutor.runWorker(ThreadPoolExecutor.java:1149) [na:1.8.0_191]
	at java.util.concurrent.ThreadPoolExecutor$Worker.run(ThreadPoolExecutor.java:624) [na:1.8.0_191]
	at org.apache.tomcat.util.threads.TaskThread$WrappingRunnable.run(TaskThread.java:61) [tomcat-embed-core-8.5.23.jar!/:8.5.23]
	at java.lang.Thread.run(Thread.java:748) [na:1.8.0_191]

2019-02-28 16:37:11.808  INFO 73497 --- [Thread-3] ationConfigEmbeddedWebApplicationContext : Closing org.springframework.boot.context.embedded.AnnotationConfigEmbeddedWebApplicationContext@5f4da5c3: startup date [Thu Feb 28 16:35:54 PST 2019]; root of context hierarchy
2019-02-28 16:37:11.810  INFO 73497 --- [Thread-3] o.s.j.e.a.AnnotationMBeanExporter        : Unregistering JMX-exposed beans on shutdown
